{"level":30,"time":1765349766508,"pid":50045,"hostname":"acer-Aspire-A315-58","msg":"Verify OTP:\n      - Key: USER_OTP:anamikaanil02912@gmail.com\n      - Stored: null\n      - Given: 4521599\n    "}
{"level":30,"time":1765349794890,"pid":50045,"hostname":"acer-Aspire-A315-58","msg":"Generated OTP: 3513847"}
{"level":30,"time":1765349794890,"pid":50045,"hostname":"acer-Aspire-A315-58","msg":"Stored OTP - key: USER_OTP:anamikaanil02912@gmail.com, otp: 3513847"}
{"level":30,"time":1765461558888,"pid":96077,"hostname":"acer-Aspire-A315-58","msg":"Generated OTP: 6238324"}
{"level":30,"time":1765461558889,"pid":96077,"hostname":"acer-Aspire-A315-58","msg":"Stored OTP - key: USER_OTP:anamikaanil02912@gmail.com, otp: 6238324"}
{"level":30,"time":1765461621537,"pid":96077,"hostname":"acer-Aspire-A315-58","msg":"Verify OTP:\n      - Key: USER_OTP:anamikaanil02912@gmail.com\n      - Stored: 6238324\n      - Given: 62383224\n    "}
{"level":30,"time":1765461641806,"pid":96077,"hostname":"acer-Aspire-A315-58","msg":"Verify OTP:\n      - Key: USER_OTP:anamikaanil02912@gmail.com\n      - Stored: 6238324\n      - Given: 6238324\n    "}
{"level":30,"time":1765512791325,"pid":9729,"hostname":"acer-Aspire-A315-58","msg":"Generated OTP: 4183889"}
{"level":30,"time":1765512791325,"pid":9729,"hostname":"acer-Aspire-A315-58","msg":"Stored OTP - key: USER_OTP:anamikaanil02912@gmail.com, otp: 4183889"}
{"level":30,"time":1765516976056,"pid":44459,"hostname":"acer-Aspire-A315-58","msg":"Generated OTP: 6453336"}
{"level":30,"time":1765516976057,"pid":44459,"hostname":"acer-Aspire-A315-58","msg":"Stored OTP - key: USER_OTP:anamikaanil02912@gmail.com, otp: 6453336"}
{"level":30,"time":1765517197283,"pid":45875,"hostname":"acer-Aspire-A315-58","msg":"Generated OTP: 7692199"}
{"level":30,"time":1765517197283,"pid":45875,"hostname":"acer-Aspire-A315-58","msg":"Stored OTP - key: USER_OTP:anamikaanil02912@gmail.com, otp: 7692199"}
{"level":30,"time":1765518296522,"pid":57185,"hostname":"acer-Aspire-A315-58","msg":"Generated OTP: 8462362"}
{"level":30,"time":1765518296523,"pid":57185,"hostname":"acer-Aspire-A315-58","msg":"Stored OTP - key: USER_OTP:anamikaanil02912@gmail.com, otp: 8462362"}
{"level":30,"time":1765518357532,"pid":57185,"hostname":"acer-Aspire-A315-58","msg":"Verify OTP:\n      - Key: USER_OTP:anamikaanil02912@gmail.com\n      - Stored: 8462362\n      - Given: 8462362\n    "}
{"level":30,"time":1765518384749,"pid":57185,"hostname":"acer-Aspire-A315-58","msg":"Generated OTP: 9979182"}
{"level":30,"time":1765518384749,"pid":57185,"hostname":"acer-Aspire-A315-58","msg":"Stored OTP - key: USER_OTP:anamikaanil02912@gmail.com, otp: 9979182"}
{"level":30,"time":1765545687237,"pid":140741,"hostname":"acer-Aspire-A315-58","msg":"Generated OTP: 3253444"}
{"level":30,"time":1765545687238,"pid":140741,"hostname":"acer-Aspire-A315-58","msg":"Stored OTP - key: USER_OTP:anamikaanil02912@gmail.com, otp: 3253444"}
{"level":30,"time":1765545738229,"pid":140741,"hostname":"acer-Aspire-A315-58","msg":"Verify OTP:\n      - Key: USER_OTP:anamikaanil02912@gmail.com\n      - Stored: 3253444\n      - Given: undefined\n    "}
{"level":30,"time":1765545792234,"pid":140741,"hostname":"acer-Aspire-A315-58","msg":"Verify OTP:\n      - Key: USER_OTP:anamikaanil02912@gmail.com\n      - Stored: 3253444\n      - Given: 3253444\n    "}
{"level":30,"time":1765546502290,"pid":143968,"hostname":"acer-Aspire-A315-58","msg":"Generated OTP: 9521462"}
{"level":30,"time":1765546502291,"pid":143968,"hostname":"acer-Aspire-A315-58","msg":"Stored OTP - key: USER_OTP:anamikaanil02912@gmail.com, otp: 9521462"}
{"level":30,"time":1765546554576,"pid":143968,"hostname":"acer-Aspire-A315-58","msg":"Verify OTP:\n      - Key: USER_OTP:anamikaanil02912@gmail.com\n      - Stored: 9521462\n      - Given: 9521462\n    "}
{"level":30,"time":1765546660698,"pid":145101,"hostname":"acer-Aspire-A315-58","msg":"Verify OTP:\n      - Key: USER_OTP:anamikaanil02912@gmail.com\n      - Stored: null\n      - Given: 9521462\n    "}
{"level":30,"time":1765546671915,"pid":145101,"hostname":"acer-Aspire-A315-58","msg":"Generated OTP: 2379941"}
{"level":30,"time":1765546671916,"pid":145101,"hostname":"acer-Aspire-A315-58","msg":"Stored OTP - key: USER_OTP:anamikaanil02912@gmail.com, otp: 2379941"}
{"level":30,"time":1765546707875,"pid":145101,"hostname":"acer-Aspire-A315-58","msg":"Verify OTP:\n      - Key: USER_OTP:anamikaanil02912@gmail.com\n      - Stored: 2379941\n      - Given: 2379941\n    "}
{"level":30,"time":1765547045438,"pid":147645,"hostname":"acer-Aspire-A315-58","msg":"Generated OTP: 2915569"}
{"level":30,"time":1765547045440,"pid":147645,"hostname":"acer-Aspire-A315-58","msg":"Stored OTP - key: USER_OTP:anamikaanil02912@gmail.com, otp: 2915569"}
{"level":30,"time":1765547082590,"pid":147645,"hostname":"acer-Aspire-A315-58","msg":"Verify OTP:\n      - Key: USER_OTP:anamikaanil02912@gmail.com\n      - Stored: 2915569\n      - Given: 2915569\n    "}
{"level":30,"time":1765552143471,"pid":156388,"hostname":"acer-Aspire-A315-58","msg":"Generated OTP: 2799215"}
{"level":30,"time":1765552143471,"pid":156388,"hostname":"acer-Aspire-A315-58","msg":"Stored OTP - key: USER_OTP:anamikaanil02912@gmail.com, otp: 2799215"}
{"level":30,"time":1765552183252,"pid":156388,"hostname":"acer-Aspire-A315-58","msg":"Verify OTP:\n      - Key: USER_OTP:anamikaanil02912@gmail.com\n      - Stored: 2799215\n      - Given: 2799215\n    "}
{"level":30,"time":1765552509827,"pid":157691,"hostname":"acer-Aspire-A315-58","msg":"Generated OTP: 6485363"}
{"level":30,"time":1765552509828,"pid":157691,"hostname":"acer-Aspire-A315-58","msg":"Stored OTP - key: USER_OTP:anamikaanil02912@gmail.com, otp: 6485363"}
{"level":30,"time":1765552521900,"pid":157691,"hostname":"acer-Aspire-A315-58","msg":"Generated OTP: 7769351"}
{"level":30,"time":1765552521901,"pid":157691,"hostname":"acer-Aspire-A315-58","msg":"Stored OTP - key: USER_OTP:anamikaanil02912@gmail.com, otp: 7769351"}
{"level":30,"time":1765552565457,"pid":157691,"hostname":"acer-Aspire-A315-58","msg":"Verify OTP:\n      - Key: USER_OTP:anamikaanil02912@gmail.com\n      - Stored: 7769351\n      - Given: 7769351\n    "}
{"level":30,"time":1765552890010,"pid":159436,"hostname":"acer-Aspire-A315-58","msg":"Generated OTP: 6778689"}
{"level":30,"time":1765552890011,"pid":159436,"hostname":"acer-Aspire-A315-58","msg":"Stored OTP - key: USER_OTP:anamikaanil02912@gmail.com, otp: 6778689"}
{"level":30,"time":1765552922702,"pid":159436,"hostname":"acer-Aspire-A315-58","msg":"Verify OTP:\n      - Key: USER_OTP:anamikaanil02912@gmail.com\n      - Stored: 6778689\n      - Given: 6778689\n    "}
{"level":30,"time":1765558144601,"pid":4594,"hostname":"acer-Aspire-A315-58","msg":"Generated OTP: 1988369"}
{"level":30,"time":1765558144602,"pid":4594,"hostname":"acer-Aspire-A315-58","msg":"Stored OTP - key: USER_OTP:anamikaanil02912@gmail.com, otp: 1988369"}
{"level":30,"time":1765558212442,"pid":4594,"hostname":"acer-Aspire-A315-58","msg":"Verify OTP:\n      - Key: USER_OTP:anamikaanil02912@gmail.com\n      - Stored: 1988369\n      - Given: 1988369\n    "}
{"level":30,"time":1765714850865,"pid":29197,"hostname":"acer-Aspire-A315-58","msg":"Generated OTP: 3518613"}
{"level":30,"time":1765714850866,"pid":29197,"hostname":"acer-Aspire-A315-58","msg":"Stored OTP - key: USER_OTP:minnuanil12@gmail.com, otp: 3518613"}
{"level":50,"time":1765714934743,"pid":29197,"hostname":"acer-Aspire-A315-58","msg":"ERROR: User Auth controller - verifyOtp"}
{"level":50,"time":1765714950747,"pid":29197,"hostname":"acer-Aspire-A315-58","msg":"ERROR: User Auth controller - verifyOtp"}
{"level":50,"time":1765715045362,"pid":30353,"hostname":"acer-Aspire-A315-58","msg":"ERROR: User Auth controller - verifyOtp"}
{"level":50,"time":1765715133881,"pid":30679,"hostname":"acer-Aspire-A315-58","error":{"_statusCode":400,"_details":""},"msg":"ERROR: User Auth controller - verifyOtp"}
{"level":50,"time":1765715348598,"pid":31898,"hostname":"acer-Aspire-A315-58","error":{"_statusCode":400,"_details":""},"msg":"ERROR: User Auth controller - verifyOtp"}
{"level":50,"time":1765715410458,"pid":32581,"hostname":"acer-Aspire-A315-58","error":{"_statusCode":400,"_details":""},"msg":"ERROR: User Auth controller - verifyOtp"}
{"level":30,"time":1765715477510,"pid":33135,"hostname":"acer-Aspire-A315-58","msg":"Verify OTP:\n      - Key: USER_OTP:minnuanil12@gmail.com\n      - Stored: null\n      - Given: 3518613\n    "}
{"level":50,"time":1765715477511,"pid":33135,"hostname":"acer-Aspire-A315-58","error":{"_statusCode":401,"_details":""},"msg":"ERROR: User Auth controller - verifyOtp"}
{"level":30,"time":1765715538031,"pid":33135,"hostname":"acer-Aspire-A315-58","msg":"Generated OTP: 9915797"}
{"level":30,"time":1765715538032,"pid":33135,"hostname":"acer-Aspire-A315-58","msg":"Stored OTP - key: USER_OTP:minnuanil12@gmail.com, otp: 9915797"}
{"level":30,"time":1765715585326,"pid":33135,"hostname":"acer-Aspire-A315-58","msg":"Verify OTP:\n      - Key: USER_OTP:minnuanil12@gmail.com\n      - Stored: 9915797\n      - Given: 9915797\n    "}
{"level":50,"time":1765715585326,"pid":33135,"hostname":"acer-Aspire-A315-58","error":{"_statusCode":401,"_details":""},"msg":"ERROR: User Auth controller - verifyOtp"}
{"level":30,"time":1765715696457,"pid":34210,"hostname":"acer-Aspire-A315-58","msg":"Verify OTP:\n      - Key: USER_OTP:minnuanil12@gmail.com\n      - Stored: null\n      - Given: 9915797\n    "}
{"level":50,"time":1765715696458,"pid":34210,"hostname":"acer-Aspire-A315-58","error":{"_statusCode":401,"_details":""},"msg":"ERROR: User Auth controller - verifyOtp"}
{"level":30,"time":1765715985484,"pid":34210,"hostname":"acer-Aspire-A315-58","msg":"Verify OTP:\n      - Key: USER_OTP:minnuanil12@gmail.com\n      - Stored: null\n      - Given: 9915797\n    "}
{"level":50,"time":1765715985484,"pid":34210,"hostname":"acer-Aspire-A315-58","error":{"_statusCode":401,"_details":""},"msg":"ERROR: User Auth controller - verifyOtp"}
{"level":30,"time":1765716012602,"pid":34210,"hostname":"acer-Aspire-A315-58","msg":"Generated OTP: 8495177"}
{"level":30,"time":1765716012603,"pid":34210,"hostname":"acer-Aspire-A315-58","msg":"Stored OTP - key: USER_OTP:minnuanil12@gmail.com, otp: 8495177"}
{"level":30,"time":1765716043611,"pid":34210,"hostname":"acer-Aspire-A315-58","msg":"Verify OTP:\n      - Key: USER_OTP:minnuanil12@gmail.com\n      - Stored: 8495177\n      - Given: 8495177\n    "}
{"level":30,"time":1765716157577,"pid":36109,"hostname":"acer-Aspire-A315-58","msg":"Generated OTP: 4648119"}
{"level":30,"time":1765716157578,"pid":36109,"hostname":"acer-Aspire-A315-58","msg":"Stored OTP - key: USER_OTP:minnuanil12@gmail.com, otp: 4648119"}
{"level":30,"time":1765716191715,"pid":36109,"hostname":"acer-Aspire-A315-58","msg":"Verify OTP:\n      - Key: USER_OTP:minnuanil12@gmail.com\n      - Stored: 4648119\n      - Given: 4648119\n    "}
{"level":30,"time":1765716447129,"pid":37663,"hostname":"acer-Aspire-A315-58","msg":"Verify OTP:\n      - Key: USER_OTP:minnuanil12@gmail.com\n      - Stored: null\n      - Given: 4648119\n    "}
{"level":50,"time":1765716447130,"pid":37663,"hostname":"acer-Aspire-A315-58","error":{"_statusCode":401,"_details":""},"msg":"ERROR: User Auth controller - verifyOtp"}
{"level":30,"time":1765716733678,"pid":37663,"hostname":"acer-Aspire-A315-58","msg":"Generated OTP: 7431612"}
{"level":30,"time":1765716733679,"pid":37663,"hostname":"acer-Aspire-A315-58","msg":"Stored OTP - key: USER_OTP:minnuanil12@gmail.com, otp: 7431612"}
{"level":30,"time":1765716779859,"pid":37663,"hostname":"acer-Aspire-A315-58","msg":"Verify OTP:\n      - Key: USER_OTP:minnuanil12@gmail.com\n      - Stored: 7431612\n      - Given: 7431612\n    "}
{"level":30,"time":1765716793902,"pid":37663,"hostname":"acer-Aspire-A315-58","msg":"Generated OTP: 6861238"}
{"level":30,"time":1765716793902,"pid":37663,"hostname":"acer-Aspire-A315-58","msg":"Stored OTP - key: USER_OTP:minnuanil12@gmail.com, otp: 6861238"}
{"level":50,"time":1765716834493,"pid":37663,"hostname":"acer-Aspire-A315-58","error":{"_statusCode":400,"_details":""},"msg":"ERROR: User Auth controller - verifyOtp"}
{"level":30,"time":1765716848385,"pid":37663,"hostname":"acer-Aspire-A315-58","msg":"Verify OTP:\n      - Key: USER_OTP:minnuanil12@gmail.com\n      - Stored: 6861238\n      - Given: 6861238\n    "}
{"level":50,"time":1765776900635,"pid":24586,"hostname":"acer-Aspire-A315-58","error":{"_statusCode":400,"_details":""},"msg":"ERROR: AuthController - resendOTP"}
{"level":50,"time":1765781760248,"pid":24586,"hostname":"acer-Aspire-A315-58","error":{"_statusCode":400,"_details":""},"msg":"ERROR: AuthController - resendOTP"}
{"level":50,"time":1765781762820,"pid":24586,"hostname":"acer-Aspire-A315-58","error":{"_statusCode":400,"_details":""},"msg":"ERROR: AuthController - resendOTP"}
{"level":50,"time":1765781799050,"pid":24586,"hostname":"acer-Aspire-A315-58","error":{"_statusCode":400,"_details":""},"msg":"ERROR: AuthController - resendOTP"}
{"level":50,"time":1765781987696,"pid":24586,"hostname":"acer-Aspire-A315-58","error":{"_statusCode":400,"_details":""},"msg":"ERROR: AuthController - resendOTP"}
{"level":30,"time":1765781996527,"pid":24586,"hostname":"acer-Aspire-A315-58","msg":"Generated OTP: 5982234"}
{"level":30,"time":1765781996529,"pid":24586,"hostname":"acer-Aspire-A315-58","msg":"Stored OTP - key: USER_OTP:minnuanil12@gmail.com, otp: 5982234"}
{"level":50,"time":1765782149373,"pid":24586,"hostname":"acer-Aspire-A315-58","error":{"_statusCode":400,"_details":""},"msg":"ERROR: AuthController - resendOTP"}
{"level":30,"time":1765782156360,"pid":24586,"hostname":"acer-Aspire-A315-58","msg":"Generated OTP: 4698219"}
{"level":30,"time":1765782156360,"pid":24586,"hostname":"acer-Aspire-A315-58","msg":"Stored OTP - key: USER_OTP:minnuanil12@gmail.com, otp: 4698219"}
{"level":30,"time":1765782470320,"pid":24586,"hostname":"acer-Aspire-A315-58","msg":"Verify OTP:\n      - Key: USER_OTP:minnuanil12@gmail.com\n      - Stored: null\n      - Given: 4698219\n    "}
{"level":50,"time":1765782470320,"pid":24586,"hostname":"acer-Aspire-A315-58","error":{"_statusCode":401,"_details":""},"msg":"ERROR: AuthController - verifyOtp"}
{"level":30,"time":1765782497509,"pid":24586,"hostname":"acer-Aspire-A315-58","msg":"Generated OTP: 9219188"}
{"level":30,"time":1765782497509,"pid":24586,"hostname":"acer-Aspire-A315-58","msg":"Stored OTP - key: USER_OTP:minnuanil12@gmail.com, otp: 9219188"}
{"level":30,"time":1765782526694,"pid":24586,"hostname":"acer-Aspire-A315-58","msg":"Verify OTP:\n      - Key: USER_OTP:minnuanil12@gmail.com\n      - Stored: 9219188\n      - Given: 9219188\n    "}
{"level":50,"time":1765782845864,"pid":24586,"hostname":"acer-Aspire-A315-58","error":{"_statusCode":400,"_details":""},"msg":"ERROR: AuthController - register"}
{"level":50,"time":1765783018333,"pid":36431,"hostname":"acer-Aspire-A315-58","error":{},"msg":"ERROR: AuthController - register"}
{"level":30,"time":1765783041876,"pid":36431,"hostname":"acer-Aspire-A315-58","msg":"Verify OTP:\n      - Key: USER_OTP:minnuanil12@gmail.com\n      - Stored: null\n      - Given: 9219188\n    "}
{"level":50,"time":1765783041876,"pid":36431,"hostname":"acer-Aspire-A315-58","error":{"_statusCode":401,"_details":""},"msg":"ERROR: AuthController - verifyOtp"}
{"level":30,"time":1765783047357,"pid":36431,"hostname":"acer-Aspire-A315-58","msg":"Generated OTP: 1488674"}
{"level":30,"time":1765783047358,"pid":36431,"hostname":"acer-Aspire-A315-58","msg":"Stored OTP - key: USER_OTP:minnuanil12@gmail.com, otp: 1488674"}
{"level":30,"time":1765783070874,"pid":36431,"hostname":"acer-Aspire-A315-58","msg":"Verify OTP:\n      - Key: USER_OTP:minnuanil12@gmail.com\n      - Stored: 1488674\n      - Given: 1488674\n    "}
{"level":50,"time":1765783400184,"pid":36431,"hostname":"acer-Aspire-A315-58","error":{"_statusCode":400,"_details":""},"msg":"ERROR: AuthController - forgetPassword"}
{"level":30,"time":1765783521560,"pid":36431,"hostname":"acer-Aspire-A315-58","msg":"Generated OTP: 8879745"}
{"level":30,"time":1765783521560,"pid":36431,"hostname":"acer-Aspire-A315-58","msg":"Stored OTP - key: USER_OTP:minnuanil12@gmail.com, otp: 8879745"}
{"level":30,"time":1765783543387,"pid":36431,"hostname":"acer-Aspire-A315-58","msg":"Generated OTP: 1657562"}
{"level":30,"time":1765783543387,"pid":36431,"hostname":"acer-Aspire-A315-58","msg":"Stored OTP - key: USER_OTP:minnuanil12@gmail.com, otp: 1657562"}
{"level":30,"time":1765783606991,"pid":36431,"hostname":"acer-Aspire-A315-58","msg":"Verify OTP:\n      - Key: USER_OTP:minnuanil12@gmail.com\n      - Stored: 1657562\n      - Given: 1657562\n    "}
{"level":50,"time":1765783771605,"pid":38636,"hostname":"acer-Aspire-A315-58","error":{"_statusCode":400,"_details":""},"msg":"ERROR: AuthController - resetPassword"}
{"level":50,"time":1765783853993,"pid":38636,"hostname":"acer-Aspire-A315-58","error":{"_statusCode":401,"_details":""},"msg":"ERROR: AuthController - resetPassword"}
{"level":30,"time":1765783873149,"pid":38636,"hostname":"acer-Aspire-A315-58","msg":"Generated OTP: 1199193"}
{"level":30,"time":1765783873149,"pid":38636,"hostname":"acer-Aspire-A315-58","msg":"Stored OTP - key: USER_OTP:minnuanil12@gmail.com, otp: 1199193"}
{"level":30,"time":1765783899368,"pid":38636,"hostname":"acer-Aspire-A315-58","msg":"Verify OTP:\n      - Key: USER_OTP:minnuanil12@gmail.com\n      - Stored: 1199193\n      - Given: 1199193\n    "}
{"level":50,"time":1765791556274,"pid":52700,"hostname":"acer-Aspire-A315-58","error":{"_statusCode":409,"_details":""},"msg":"ERROR: AuthController - resendOTP"}
{"level":30,"time":1765791569256,"pid":52700,"hostname":"acer-Aspire-A315-58","msg":"Generated OTP: 8319766"}
{"level":30,"time":1765791569257,"pid":52700,"hostname":"acer-Aspire-A315-58","msg":"Stored OTP - key: USER_OTP:minnuanil12@gmail.com, otp: 8319766"}
{"level":50,"time":1765804776023,"pid":82629,"hostname":"acer-Aspire-A315-58","error":{"_statusCode":400,"_details":""},"msg":"ERROR: AuthController - resendOTP"}
{"level":50,"time":1765804781859,"pid":82629,"hostname":"acer-Aspire-A315-58","error":{"_statusCode":400,"_details":""},"msg":"ERROR: AuthController - resendOTP"}
{"level":50,"time":1765805074814,"pid":82629,"hostname":"acer-Aspire-A315-58","error":{"_statusCode":400,"_details":""},"msg":"ERROR: AuthController - resendOTP"}
{"level":50,"time":1765805132787,"pid":82629,"hostname":"acer-Aspire-A315-58","error":{"_statusCode":409,"_details":""},"msg":"ERROR: AuthController - resendOTP"}
{"level":50,"time":1765805220484,"pid":82629,"hostname":"acer-Aspire-A315-58","error":{"_statusCode":400,"_details":""},"msg":"ERROR: AuthController - resendOTP"}
{"level":50,"time":1765806005663,"pid":82629,"hostname":"acer-Aspire-A315-58","error":{"_statusCode":400,"_details":""},"msg":"ERROR: AuthController - resendOTP"}
{"level":50,"time":1765806019118,"pid":82629,"hostname":"acer-Aspire-A315-58","error":{"_statusCode":400,"_details":""},"msg":"ERROR: AuthController - resendOTP"}
{"level":50,"time":1765806223430,"pid":82629,"hostname":"acer-Aspire-A315-58","error":{"_statusCode":400,"_details":""},"msg":"ERROR: AuthController - resendOTP"}
{"level":50,"time":1765806264994,"pid":82629,"hostname":"acer-Aspire-A315-58","error":{"_statusCode":400,"_details":""},"msg":"ERROR: AuthController - resendOTP"}
{"level":50,"time":1765806440268,"pid":82629,"hostname":"acer-Aspire-A315-58","error":{"_statusCode":400,"_details":""},"msg":"ERROR: AuthController - resendOTP"}
{"level":50,"time":1765806677582,"pid":91575,"hostname":"acer-Aspire-A315-58","error":{"_statusCode":400,"_details":""},"msg":"ERROR: AuthController - resendOTP"}
{"level":30,"time":1765806701468,"pid":91575,"hostname":"acer-Aspire-A315-58","msg":"Generated OTP: 4868126"}
{"level":30,"time":1765806701468,"pid":91575,"hostname":"acer-Aspire-A315-58","msg":"Stored OTP - key: USER_OTP:minnuanil12@gmail.com, otp: 4868126"}
{"level":30,"time":1765806761275,"pid":91575,"hostname":"acer-Aspire-A315-58","msg":"Generated OTP: 9611749"}
{"level":30,"time":1765806761276,"pid":91575,"hostname":"acer-Aspire-A315-58","msg":"Stored OTP - key: USER_OTP:minnuanil12@gmail.com, otp: 9611749"}
{"level":30,"time":1765806990667,"pid":91575,"hostname":"acer-Aspire-A315-58","msg":"Verify OTP:\n      - Key: USER_OTP:minnuanil12@gmail.com\n      - Stored: 9611749\n      - Given: 9611749\n    "}
{"level":30,"time":1765807518970,"pid":91575,"hostname":"acer-Aspire-A315-58","msg":"Generated OTP: 6981685"}
{"level":30,"time":1765807518970,"pid":91575,"hostname":"acer-Aspire-A315-58","msg":"Stored OTP - key: USER_OTP:minnuanil12@gmail.com, otp: 6981685"}
{"level":30,"time":1765807547162,"pid":91575,"hostname":"acer-Aspire-A315-58","msg":"Verify OTP:\n      - Key: USER_OTP:minnuanil12@gmail.com\n      - Stored: 6981685\n      - Given: 6981685\n    "}
{"level":30,"time":1765808159196,"pid":91575,"hostname":"acer-Aspire-A315-58","msg":"Generated OTP: 9387818"}
{"level":30,"time":1765808159196,"pid":91575,"hostname":"acer-Aspire-A315-58","msg":"Stored OTP - key: USER_OTP:minnu12@gmail.com, otp: 9387818"}
{"level":30,"time":1765808242341,"pid":91575,"hostname":"acer-Aspire-A315-58","msg":"Generated OTP: 7275117"}
{"level":30,"time":1765808242341,"pid":91575,"hostname":"acer-Aspire-A315-58","msg":"Stored OTP - key: USER_OTP:minnuanil12@gmail.com, otp: 7275117"}
{"level":30,"time":1765808268664,"pid":91575,"hostname":"acer-Aspire-A315-58","msg":"Verify OTP:\n      - Key: USER_OTP:minnuanil12@gmail.com\n      - Stored: 7275117\n      - Given: 7275117\n    "}
{"level":30,"time":1765809005722,"pid":91575,"hostname":"acer-Aspire-A315-58","msg":"Generated OTP: 1431286"}
{"level":30,"time":1765809005722,"pid":91575,"hostname":"acer-Aspire-A315-58","msg":"Stored OTP - key: USER_OTP:minnuanil12@gmail.com, otp: 1431286"}
{"level":30,"time":1765809053651,"pid":91575,"hostname":"acer-Aspire-A315-58","msg":"Verify OTP:\n      - Key: USER_OTP:minnuanil12@gmail.com\n      - Stored: 1431286\n      - Given: 1431286\n    "}
{"level":30,"time":1765811964228,"pid":91575,"hostname":"acer-Aspire-A315-58","msg":"Generated OTP: 3277198"}
{"level":30,"time":1765811964228,"pid":91575,"hostname":"acer-Aspire-A315-58","msg":"Stored OTP - key: USER_OTP:sdfsdfsdf@gyty.com, otp: 3277198"}
{"level":30,"time":1765812025222,"pid":105202,"hostname":"acer-Aspire-A315-58","msg":"Verify OTP:\n      - Key: USER_OTP:sdfsdfsdf@gyty.com\n      - Stored: null\n      - Given: 3277198\n    "}
{"level":50,"time":1765812025222,"pid":105202,"hostname":"acer-Aspire-A315-58","error":{"_statusCode":401,"_details":""},"msg":"ERROR: AuthController - verifyOtp"}
{"level":30,"time":1765812041254,"pid":105202,"hostname":"acer-Aspire-A315-58","msg":"Verify OTP:\n      - Key: USER_OTP:sdfsdfsdf@gyty.com\n      - Stored: null\n      - Given: 3223332\n    "}
{"level":50,"time":1765812041254,"pid":105202,"hostname":"acer-Aspire-A315-58","error":{"_statusCode":401,"_details":""},"msg":"ERROR: AuthController - verifyOtp"}
{"level":30,"time":1765812122141,"pid":105202,"hostname":"acer-Aspire-A315-58","msg":"Generated OTP: 2488979"}
{"level":30,"time":1765812122141,"pid":105202,"hostname":"acer-Aspire-A315-58","msg":"Stored OTP - key: USER_OTP:erewrwer@vcmail.com, otp: 2488979"}
{"level":30,"time":1765812154618,"pid":105202,"hostname":"acer-Aspire-A315-58","msg":"Verify OTP:\n      - Key: USER_OTP:erewrwer@vcmail.com\n      - Stored: 2488979\n      - Given: 2488979\n    "}
{"level":50,"time":1765812194207,"pid":105202,"hostname":"acer-Aspire-A315-58","error":{},"msg":"ERROR: AuthController - register"}
{"level":50,"time":1765812201716,"pid":105202,"hostname":"acer-Aspire-A315-58","error":{"_statusCode":409,"_details":""},"msg":"ERROR: AuthController - resendOTP"}
{"level":30,"time":1765812231650,"pid":105202,"hostname":"acer-Aspire-A315-58","msg":"Generated OTP: 5798555"}
{"level":30,"time":1765812231650,"pid":105202,"hostname":"acer-Aspire-A315-58","msg":"Stored OTP - key: USER_OTP:ewtwertwertwer@fggmail.com, otp: 5798555"}
{"level":50,"time":1765812275486,"pid":105202,"hostname":"acer-Aspire-A315-58","error":{"_statusCode":400,"_details":""},"msg":"ERROR: AuthController - resendOTP"}
{"level":50,"time":1765812310076,"pid":105202,"hostname":"acer-Aspire-A315-58","error":{"_statusCode":400,"_details":""},"msg":"ERROR: AuthController - resendOTP"}
{"level":30,"time":1765812325381,"pid":105202,"hostname":"acer-Aspire-A315-58","msg":"Generated OTP: 6592686"}
{"level":30,"time":1765812325381,"pid":105202,"hostname":"acer-Aspire-A315-58","msg":"Stored OTP - key: USER_OTP:ewtwerai@rtyertyret.com, otp: 6592686"}
{"level":50,"time":1765812339219,"pid":105202,"hostname":"acer-Aspire-A315-58","error":{"_statusCode":400,"_details":""},"msg":"ERROR: AuthController - resendOTP"}
{"level":30,"time":1765812499234,"pid":105202,"hostname":"acer-Aspire-A315-58","msg":"Generated OTP: 4575873"}
{"level":30,"time":1765812499234,"pid":105202,"hostname":"acer-Aspire-A315-58","msg":"Stored OTP - key: USER_OTP:ewtwerai@wert.dggdg, otp: 4575873"}
{"level":50,"time":1765812514611,"pid":105202,"hostname":"acer-Aspire-A315-58","error":{"_statusCode":400,"_details":""},"msg":"ERROR: AuthController - resendOTP"}
{"level":50,"time":1765857633055,"pid":5622,"hostname":"acer-Aspire-A315-58","error":{"_statusCode":400,"_details":""},"msg":"ERROR: AuthController - resendOTP"}
{"level":30,"time":1765857662023,"pid":5622,"hostname":"acer-Aspire-A315-58","msg":"Generated OTP: 7481638"}
{"level":30,"time":1765857662024,"pid":5622,"hostname":"acer-Aspire-A315-58","msg":"Stored OTP - key: USER_OTP:minnuanil12@gmail.com, otp: 7481638"}
{"level":30,"time":1765857808604,"pid":5622,"hostname":"acer-Aspire-A315-58","msg":"Verify OTP:\n      - Key: USER_OTP:minnuanil12@gmail.com\n      - Stored: 7481638\n      - Given: 7481638\n    "}
{"level":30,"time":1765861662616,"pid":5622,"hostname":"acer-Aspire-A315-58","msg":"Generated OTP: 5297431"}
{"level":30,"time":1765861662616,"pid":5622,"hostname":"acer-Aspire-A315-58","msg":"Stored OTP - key: USER_OTP:anamikaanil12@gmail.com, otp: 5297431"}
{"level":30,"time":1765861730393,"pid":20182,"hostname":"acer-Aspire-A315-58","msg":"Verify OTP:\n      - Key: USER_OTP:anamikaanil12@gmail.com\n      - Stored: null\n      - Given: 5297431\n    "}
{"level":50,"time":1765861730393,"pid":20182,"hostname":"acer-Aspire-A315-58","error":{"_statusCode":401,"_details":""},"msg":"ERROR: AuthController - verifyOtp"}
{"level":30,"time":1765861766172,"pid":20182,"hostname":"acer-Aspire-A315-58","msg":"Generated OTP: 2425561"}
{"level":30,"time":1765861766173,"pid":20182,"hostname":"acer-Aspire-A315-58","msg":"Stored OTP - key: USER_OTP:anamikaanil132@gmail.com, otp: 2425561"}
{"level":30,"time":1765861799074,"pid":20182,"hostname":"acer-Aspire-A315-58","msg":"Verify OTP:\n      - Key: USER_OTP:anamikaanil132@gmail.com\n      - Stored: 2425561\n      - Given: 2425561\n    "}
{"level":50,"time":1765861799080,"pid":20182,"hostname":"acer-Aspire-A315-58","error":{"_statusCode":400,"_details":""},"msg":"ERROR: AuthController - register"}
{"level":30,"time":1765861888480,"pid":20182,"hostname":"acer-Aspire-A315-58","msg":"Generated OTP: 4687728"}
{"level":30,"time":1765861888480,"pid":20182,"hostname":"acer-Aspire-A315-58","msg":"Stored OTP - key: USER_OTP:anamikaanil12@gmail.com, otp: 4687728"}
{"level":30,"time":1765861931665,"pid":20182,"hostname":"acer-Aspire-A315-58","msg":"Verify OTP:\n      - Key: USER_OTP:anamikaanil12@gmail.com\n      - Stored: 4687728\n      - Given: 4687782\n    "}
{"level":50,"time":1765861931665,"pid":20182,"hostname":"acer-Aspire-A315-58","error":{"_statusCode":401,"_details":""},"msg":"ERROR: AuthController - verifyOtp"}
{"level":30,"time":1765862068155,"pid":20182,"hostname":"acer-Aspire-A315-58","msg":"Generated OTP: 4867793"}
{"level":30,"time":1765862068156,"pid":20182,"hostname":"acer-Aspire-A315-58","msg":"Stored OTP - key: USER_OTP:minnuanil12@gmail.com, otp: 4867793"}
{"level":30,"time":1765862093977,"pid":20182,"hostname":"acer-Aspire-A315-58","msg":"Verify OTP:\n      - Key: USER_OTP:minnuanil12@gmail.com\n      - Stored: 4867793\n      - Given: 4867793\n    "}
{"level":30,"time":1765868235277,"pid":41129,"hostname":"acer-Aspire-A315-58","msg":"Generated OTP: 2495837"}
{"level":30,"time":1765868235278,"pid":41129,"hostname":"acer-Aspire-A315-58","msg":"Stored OTP - key: USER_OTP:adhil3332@gmail.com, otp: 2495837"}
{"level":30,"time":1765868287603,"pid":41129,"hostname":"acer-Aspire-A315-58","msg":"Verify OTP:\n      - Key: USER_OTP:adhil3332@gmail.com\n      - Stored: 2495837\n      - Given: 2495837\n    "}
{"level":30,"time":1765868342479,"pid":41129,"hostname":"acer-Aspire-A315-58","msg":"Generated OTP: 1312655"}
{"level":30,"time":1765868342479,"pid":41129,"hostname":"acer-Aspire-A315-58","msg":"Stored OTP - key: USER_OTP:adhil333@gmail.com, otp: 1312655"}
{"level":30,"time":1765868365463,"pid":41129,"hostname":"acer-Aspire-A315-58","msg":"Verify OTP:\n      - Key: USER_OTP:adhil3332@gmail.com\n      - Stored: 2495837\n      - Given: 1312655\n    "}
{"level":50,"time":1765868365463,"pid":41129,"hostname":"acer-Aspire-A315-58","error":{"_statusCode":401,"_details":""},"msg":"ERROR: AuthController - verifyOtp"}
{"level":30,"time":1765868373287,"pid":41129,"hostname":"acer-Aspire-A315-58","msg":"Verify OTP:\n      - Key: USER_OTP:adhil333@gmail.com\n      - Stored: 1312655\n      - Given: 1312655\n    "}
{"level":30,"time":1765868533188,"pid":43956,"hostname":"acer-Aspire-A315-58","msg":"Generated OTP: 8317272"}
{"level":30,"time":1765868533189,"pid":43956,"hostname":"acer-Aspire-A315-58","msg":"Stored OTP - key: USER_OTP:adhil33@gmail.com, otp: 8317272"}
{"level":30,"time":1765868566962,"pid":43956,"hostname":"acer-Aspire-A315-58","msg":"Verify OTP:\n      - Key: USER_OTP:adhil33@gmail.com\n      - Stored: 8317272\n      - Given: 8317272\n    "}
{"level":50,"time":1765868574996,"pid":43956,"hostname":"acer-Aspire-A315-58","error":{},"msg":"ERROR: AuthController - register"}
{"level":30,"time":1765869911306,"pid":51657,"hostname":"acer-Aspire-A315-58","msg":"Generated OTP: 6514538"}
{"level":30,"time":1765869911310,"pid":51657,"hostname":"acer-Aspire-A315-58","msg":"Stored OTP - key: USER_OTP:adhil33@gmail.com, otp: 6514538"}
{"level":30,"time":1765869942253,"pid":51657,"hostname":"acer-Aspire-A315-58","msg":"Verify OTP:\n      - Key: USER_OTP:adhil33@gmail.com\n      - Stored: 6514538\n      - Given: 6514538\n    "}
{"level":50,"time":1765869949514,"pid":51657,"hostname":"acer-Aspire-A315-58","error":{"_statusCode":403,"_details":""},"msg":"ERROR: AuthController - register"}
{"level":30,"time":1765870851382,"pid":58412,"hostname":"acer-Aspire-A315-58","msg":"Generated OTP: 3695437"}
{"level":30,"time":1765870851384,"pid":58412,"hostname":"acer-Aspire-A315-58","msg":"Stored OTP - key: USER_OTP:adhil33@gmail.com, otp: 3695437"}
{"level":30,"time":1765870862971,"pid":58412,"hostname":"acer-Aspire-A315-58","msg":"Verify OTP:\n      - Key: USER_OTP:adhil33@gmail.com\n      - Stored: 3695437\n      - Given: 6514538\n    "}
{"level":50,"time":1765870862971,"pid":58412,"hostname":"acer-Aspire-A315-58","error":{"_statusCode":401,"_details":""},"msg":"ERROR: AuthController - verifyOtp"}
{"level":30,"time":1765885063337,"pid":19961,"hostname":"acer-Aspire-A315-58","msg":"Generated OTP: 7728349"}
{"level":30,"time":1765885063339,"pid":19961,"hostname":"acer-Aspire-A315-58","msg":"Stored OTP - key: USER_OTP:fwxkhngxhltbbmfcjb@fxavaj.com, otp: 7728349"}
{"level":30,"time":1765885100450,"pid":21105,"hostname":"acer-Aspire-A315-58","msg":"Verify OTP:\n      - Key: USER_OTP:fwxkhngxhltbbmfcjb@fxavaj.com\n      - Stored: null\n      - Given: 1235748\n    "}
{"level":50,"time":1765885100451,"pid":21105,"hostname":"acer-Aspire-A315-58","error":{"_statusCode":401,"_details":""},"msg":"ERROR: AuthController - verifyOtp"}
{"level":30,"time":1765885139874,"pid":21105,"hostname":"acer-Aspire-A315-58","msg":"Verify OTP:\n      - Key: USER_OTP:fwxkhngxhltbbmfcjb@fxavaj.com\n      - Stored: null\n      - Given: 7728349\n    "}
{"level":50,"time":1765885139874,"pid":21105,"hostname":"acer-Aspire-A315-58","error":{"_statusCode":401,"_details":""},"msg":"ERROR: AuthController - verifyOtp"}
{"level":50,"time":1765885364778,"pid":21105,"hostname":"acer-Aspire-A315-58","error":{"_statusCode":401,"_details":""},"msg":"ERROR: AuthController - login"}
{"level":30,"time":1765885408805,"pid":21105,"hostname":"acer-Aspire-A315-58","msg":"Generated OTP: 6544115"}
{"level":30,"time":1765885408806,"pid":21105,"hostname":"acer-Aspire-A315-58","msg":"Stored OTP - key: USER_OTP:adhil33@gmail.com, otp: 6544115"}
{"level":30,"time":1765885443169,"pid":22478,"hostname":"acer-Aspire-A315-58","msg":"Verify OTP:\n      - Key: USER_OTP:adhil33@gmail.com\n      - Stored: null\n      - Given: 6544115\n    "}
{"level":50,"time":1765885443170,"pid":22478,"hostname":"acer-Aspire-A315-58","error":{"_statusCode":401,"_details":""},"msg":"ERROR: AuthController - verifyOtp"}
{"level":30,"time":1765885449293,"pid":22478,"hostname":"acer-Aspire-A315-58","msg":"Generated OTP: 1552564"}
{"level":30,"time":1765885449294,"pid":22478,"hostname":"acer-Aspire-A315-58","msg":"Stored OTP - key: USER_OTP:adhil33@gmail.com, otp: 1552564"}
{"level":30,"time":1765885494462,"pid":22478,"hostname":"acer-Aspire-A315-58","msg":"Verify OTP:\n      - Key: USER_OTP:adhil33@gmail.com\n      - Stored: 1552564\n      - Given: 1552564\n    "}
{"level":30,"time":1766128292101,"pid":9407,"hostname":"acer-Aspire-A315-58","msg":"Generated OTP: 3185533"}
{"level":30,"time":1766128292104,"pid":9407,"hostname":"acer-Aspire-A315-58","msg":"Stored OTP - key: USER_OTP:ff865880@gmail.com, otp: 3185533"}
{"level":30,"time":1766128346687,"pid":9407,"hostname":"acer-Aspire-A315-58","msg":"Verify OTP:\n      - Key: USER_OTP:ff865880@gmail.com\n      - Stored: 3185533\n      - Given: 3185533\n    "}
{"level":50,"time":1766848778104,"pid":35977,"hostname":"acer-Aspire-A315-58","error":{"_statusCode":400,"_details":""},"msg":"ERROR: AuthController - login"}
{"level":30,"time":1766848840419,"pid":35977,"hostname":"acer-Aspire-A315-58","msg":"Generated OTP: 7129546"}
{"level":30,"time":1766848840420,"pid":35977,"hostname":"acer-Aspire-A315-58","msg":"Stored OTP - key: USER_OTP:admin@gmail.com, otp: 7129546"}
{"level":30,"time":1766848913537,"pid":37815,"hostname":"acer-Aspire-A315-58","msg":"Generated OTP: 5521666"}
{"level":30,"time":1766848913537,"pid":37815,"hostname":"acer-Aspire-A315-58","msg":"Stored OTP - key: USER_OTP:admin@gmail.com, otp: 5521666"}
{"level":30,"time":1766848960474,"pid":37815,"hostname":"acer-Aspire-A315-58","msg":"Verify OTP:\n      - Key: USER_OTP:admin@gmail.com\n      - Stored: 5521666\n      - Given: 5521666\n    "}
{"level":50,"time":1766849032347,"pid":37815,"hostname":"acer-Aspire-A315-58","error":{"_statusCode":400,"_details":""},"msg":"ERROR: AuthController - login"}
{"level":50,"time":1766849047126,"pid":37815,"hostname":"acer-Aspire-A315-58","error":{"_statusCode":400,"_details":""},"msg":"ERROR: AuthController - login"}
{"level":50,"time":1766849095068,"pid":37815,"hostname":"acer-Aspire-A315-58","error":{"_statusCode":400,"_details":""},"msg":"ERROR: AuthController - login"}
{"level":50,"time":1766849489171,"pid":39853,"hostname":"acer-Aspire-A315-58","error":{"_statusCode":400,"_details":""},"msg":"ERROR: AuthController - login"}
{"level":50,"time":1766916604699,"pid":13205,"hostname":"acer-Aspire-A315-58","error":{"_statusCode":400,"_details":""},"msg":"ERROR: AuthController - login"}
{"level":50,"time":1766916691477,"pid":13205,"hostname":"acer-Aspire-A315-58","error":{"_statusCode":400,"_details":""},"msg":"ERROR: AuthController - login"}
{"level":50,"time":1766917017980,"pid":14973,"hostname":"acer-Aspire-A315-58","error":{"_statusCode":400,"_details":""},"msg":"ERROR: AuthController - login"}
{"level":50,"time":1766917021693,"pid":14973,"hostname":"acer-Aspire-A315-58","error":{"_statusCode":400,"_details":""},"msg":"ERROR: AuthController - login"}
{"level":50,"time":1766917027922,"pid":14973,"hostname":"acer-Aspire-A315-58","error":{"_statusCode":400,"_details":""},"msg":"ERROR: AuthController - login"}
{"level":50,"time":1766934528747,"pid":16581,"hostname":"acer-Aspire-A315-58","error":{"_statusCode":401,"_details":""},"msg":"ERROR: AuthController - login"}
{"level":50,"time":1766934537136,"pid":16581,"hostname":"acer-Aspire-A315-58","error":{"_statusCode":401,"_details":""},"msg":"ERROR: AuthController - login"}
{"level":50,"time":1766934631907,"pid":16581,"hostname":"acer-Aspire-A315-58","error":{"_statusCode":409,"_details":""},"msg":"ERROR: AuthController - resendOTP"}
{"level":30,"time":1766934644942,"pid":16581,"hostname":"acer-Aspire-A315-58","msg":"Generated OTP: 8182554"}
{"level":30,"time":1766934644955,"pid":16581,"hostname":"acer-Aspire-A315-58","msg":"Stored OTP - key: USER_OTP:minnuanil123@gmail.com, otp: 8182554"}
{"level":30,"time":1766934668314,"pid":16581,"hostname":"acer-Aspire-A315-58","msg":"Verify OTP:\n      - Key: USER_OTP:minnuanil123@gmail.com\n      - Stored: 8182554\n      - Given: 8182554\n    "}
{"level":30,"time":1766938292385,"pid":38486,"hostname":"acer-Aspire-A315-58","msg":"Generated OTP: 6245543"}
{"level":30,"time":1766938292386,"pid":38486,"hostname":"acer-Aspire-A315-58","msg":"Stored OTP - key: USER_OTP:minnuanil1234@gmail.com, otp: 6245543"}
{"level":30,"time":1766938314388,"pid":38486,"hostname":"acer-Aspire-A315-58","msg":"Verify OTP:\n      - Key: USER_OTP:minnuanil1234@gmail.com\n      - Stored: 6245543\n      - Given: 6245543\n    "}
{"level":50,"time":1766986753260,"pid":5056,"hostname":"acer-Aspire-A315-58","error":{"_statusCode":400,"_details":""},"msg":"ERROR: AuthController - googleAuth"}
{"level":50,"time":1766990860061,"pid":16187,"hostname":"acer-Aspire-A315-58","error":{"_statusCode":400,"_details":""},"msg":"ERROR: AuthController - googleAuth"}
{"level":50,"time":1766991545696,"pid":18997,"hostname":"acer-Aspire-A315-58","error":{"_statusCode":400,"_details":""},"msg":"ERROR: AuthController - googleAuth"}
{"level":50,"time":1766991701534,"pid":19707,"hostname":"acer-Aspire-A315-58","error":{"_statusCode":400,"_details":""},"msg":"ERROR: AuthController - googleAuth"}
{"level":50,"time":1766992006325,"pid":20661,"hostname":"acer-Aspire-A315-58","error":{"_statusCode":400,"_details":""},"msg":"ERROR: AuthController - googleAuth"}
{"level":50,"time":1766992074946,"pid":21383,"hostname":"acer-Aspire-A315-58","error":{"_statusCode":400,"_details":""},"msg":"ERROR: AuthController - googleAuth"}
{"level":30,"time":1767011346700,"pid":39845,"hostname":"acer-Aspire-A315-58","msg":"Generated OTP: 7735367"}
{"level":30,"time":1767011346702,"pid":39845,"hostname":"acer-Aspire-A315-58","msg":"Stored OTP - key: USER_OTP:minnuanil12@gmail.com, otp: 7735367"}
{"level":50,"time":1767011750948,"pid":39845,"hostname":"acer-Aspire-A315-58","error":{"_statusCode":400,"_details":""},"msg":"ERROR: AuthController - forgetPassword"}
{"level":50,"time":1767011985944,"pid":39845,"hostname":"acer-Aspire-A315-58","error":{"_statusCode":400,"_details":""},"msg":"ERROR: AuthController - forgetPassword"}
{"level":50,"time":1767012118428,"pid":57750,"hostname":"acer-Aspire-A315-58","error":{"_statusCode":400,"_details":""},"msg":"ERROR: AuthController - forgetPassword"}
{"level":50,"time":1767012165600,"pid":58042,"hostname":"acer-Aspire-A315-58","error":{"_statusCode":400,"_details":""},"msg":"ERROR: AuthController - forgetPassword"}
{"level":50,"time":1767012205027,"pid":58490,"hostname":"acer-Aspire-A315-58","error":{"_statusCode":400,"_details":""},"msg":"ERROR: AuthController - forgetPassword"}
{"level":30,"time":1767012213561,"pid":58490,"hostname":"acer-Aspire-A315-58","msg":"Generated OTP: 7136114"}
{"level":30,"time":1767012213562,"pid":58490,"hostname":"acer-Aspire-A315-58","msg":"Stored OTP - key: USER_OTP:minnuanil12@gmail.com, otp: 7136114"}
{"level":30,"time":1767012281606,"pid":58994,"hostname":"acer-Aspire-A315-58","msg":"Generated OTP: 5913428"}
{"level":30,"time":1767012281607,"pid":58994,"hostname":"acer-Aspire-A315-58","msg":"Stored OTP - key: USER_OTP:minnuanil12@gmail.com, otp: 5913428"}
{"level":30,"time":1767012631288,"pid":58994,"hostname":"acer-Aspire-A315-58","msg":"Generated OTP: 1773661"}
{"level":30,"time":1767012631288,"pid":58994,"hostname":"acer-Aspire-A315-58","msg":"Stored OTP - key: USER_OTP:anamikaanil02912@gmail.com, otp: 1773661"}
{"level":30,"time":1767013029830,"pid":58994,"hostname":"acer-Aspire-A315-58","msg":"Generated OTP: 9572274"}
{"level":30,"time":1767013029830,"pid":58994,"hostname":"acer-Aspire-A315-58","msg":"Stored OTP - key: USER_OTP:minnuanil12@gmail.com, otp: 9572274"}
{"level":30,"time":1767013164713,"pid":58994,"hostname":"acer-Aspire-A315-58","msg":"Generated OTP: 3364641"}
{"level":30,"time":1767013164714,"pid":58994,"hostname":"acer-Aspire-A315-58","msg":"Stored OTP - key: USER_OTP:anamikaanil02912@gmail.com, otp: 3364641"}
{"level":30,"time":1767013378551,"pid":58994,"hostname":"acer-Aspire-A315-58","msg":"Generated OTP: 3164847"}
{"level":30,"time":1767013378551,"pid":58994,"hostname":"acer-Aspire-A315-58","msg":"Stored OTP - key: USER_OTP:anamikaanil02912@gmail.com, otp: 3164847"}
{"level":30,"time":1767013460007,"pid":58994,"hostname":"acer-Aspire-A315-58","msg":"Generated OTP: 6575955"}
{"level":30,"time":1767013460007,"pid":58994,"hostname":"acer-Aspire-A315-58","msg":"Stored OTP - key: USER_OTP:anamikaanil02912@gmail.com, otp: 6575955"}
{"level":30,"time":1767013893184,"pid":58994,"hostname":"acer-Aspire-A315-58","msg":"Generated OTP: 2872517"}
{"level":30,"time":1767013893184,"pid":58994,"hostname":"acer-Aspire-A315-58","msg":"Stored OTP - key: USER_OTP:anamikaanil02912@gmail.com, otp: 2872517"}
{"level":30,"time":1767013990755,"pid":58994,"hostname":"acer-Aspire-A315-58","msg":"Generated OTP: 7778491"}
{"level":30,"time":1767013990755,"pid":58994,"hostname":"acer-Aspire-A315-58","msg":"Stored OTP - key: USER_OTP:anamikaanil02912@gmail.com, otp: 7778491"}
{"level":30,"time":1767014158558,"pid":58994,"hostname":"acer-Aspire-A315-58","msg":"Generated OTP: 7571236"}
{"level":30,"time":1767014158558,"pid":58994,"hostname":"acer-Aspire-A315-58","msg":"Stored OTP - key: USER_OTP:minnuanil1235@gmail.com, otp: 7571236"}
{"level":30,"time":1767015095529,"pid":58994,"hostname":"acer-Aspire-A315-58","msg":"Generated OTP: 2868891"}
{"level":30,"time":1767015095529,"pid":58994,"hostname":"acer-Aspire-A315-58","msg":"Stored OTP - key: USER_OTP:anamikaanil02912@gmail.com, otp: 2868891"}
{"level":30,"time":1767015167463,"pid":58994,"hostname":"acer-Aspire-A315-58","msg":"Generated OTP: 8789155"}
{"level":30,"time":1767015167463,"pid":58994,"hostname":"acer-Aspire-A315-58","msg":"Stored OTP - key: USER_OTP:minnuanil1239@gmail.com, otp: 8789155"}
{"level":30,"time":1767015195664,"pid":58994,"hostname":"acer-Aspire-A315-58","msg":"Verify OTP:\n      - Key: USER_OTP:minnuanil1239@gmail.com\n      - Stored: 8789155\n      - Given: 8789155\n    "}
{"level":30,"time":1767015237112,"pid":58994,"hostname":"acer-Aspire-A315-58","msg":"Generated OTP: 7493299"}
{"level":30,"time":1767015237112,"pid":58994,"hostname":"acer-Aspire-A315-58","msg":"Stored OTP - key: USER_OTP:anamikaanil02912@gmail.com, otp: 7493299"}
{"level":30,"time":1767015326212,"pid":58994,"hostname":"acer-Aspire-A315-58","msg":"Generated OTP: 4328557"}
{"level":30,"time":1767015326212,"pid":58994,"hostname":"acer-Aspire-A315-58","msg":"Stored OTP - key: USER_OTP:anamikaanil02912@gmail.com, otp: 4328557"}
{"level":30,"time":1767015681280,"pid":58994,"hostname":"acer-Aspire-A315-58","msg":"Verify OTP:\n      - Key: USER_OTP:adhil33@gmail.com\n      - Stored: null\n      - Given: 1552564\n    "}
{"level":50,"time":1767015681281,"pid":58994,"hostname":"acer-Aspire-A315-58","error":{"_statusCode":401,"_details":""},"msg":"ERROR: AuthController - verifyOtp"}
{"level":30,"time":1767015802055,"pid":58994,"hostname":"acer-Aspire-A315-58","msg":"Generated OTP: 9338768"}
{"level":30,"time":1767015802055,"pid":58994,"hostname":"acer-Aspire-A315-58","msg":"Stored OTP - key: USER_OTP:anamikaanil02912@gmail.com, otp: 9338768"}
{"level":30,"time":1767015844232,"pid":58994,"hostname":"acer-Aspire-A315-58","msg":"Verify OTP:\n      - Key: USER_OTP:anamikaanil02912@gmail.com\n      - Stored: 9338768\n      - Given: 9338768\n    "}
{"level":30,"time":1767016675412,"pid":58994,"hostname":"acer-Aspire-A315-58","msg":"Generated OTP: 9327154"}
{"level":30,"time":1767016675412,"pid":58994,"hostname":"acer-Aspire-A315-58","msg":"Stored OTP - key: USER_OTP:anamikaanil02912@gmail.com, otp: 9327154"}
{"level":30,"time":1767016706252,"pid":58994,"hostname":"acer-Aspire-A315-58","msg":"Verify OTP:\n      - Key: USER_OTP:anamikaanil02912@gmail.com\n      - Stored: 9327154\n      - Given: 9327154\n    "}
{"level":50,"time":1767017287622,"pid":58994,"hostname":"acer-Aspire-A315-58","error":{"_statusCode":401,"_details":""},"msg":"ERROR: AuthController - login"}
{"level":50,"time":1767017295864,"pid":58994,"hostname":"acer-Aspire-A315-58","error":{"_statusCode":401,"_details":""},"msg":"ERROR: AuthController - login"}
{"level":50,"time":1767017316717,"pid":58994,"hostname":"acer-Aspire-A315-58","error":{"_statusCode":401,"_details":""},"msg":"ERROR: AuthController - login"}
{"level":30,"time":1767017346217,"pid":58994,"hostname":"acer-Aspire-A315-58","msg":"Generated OTP: 6589599"}
{"level":30,"time":1767017346217,"pid":58994,"hostname":"acer-Aspire-A315-58","msg":"Stored OTP - key: USER_OTP:minnuanil123@gmail.com, otp: 6589599"}
{"level":30,"time":1767017372975,"pid":58994,"hostname":"acer-Aspire-A315-58","msg":"Verify OTP:\n      - Key: USER_OTP:minnuanil123@gmail.com\n      - Stored: 6589599\n      - Given: 6589599\n    "}
{"level":30,"time":1767017552327,"pid":58994,"hostname":"acer-Aspire-A315-58","msg":"Generated OTP: 2585755"}
{"level":30,"time":1767017552327,"pid":58994,"hostname":"acer-Aspire-A315-58","msg":"Stored OTP - key: USER_OTP:harankrishna03@gmail.com, otp: 2585755"}
{"level":30,"time":1767017590264,"pid":58994,"hostname":"acer-Aspire-A315-58","msg":"Verify OTP:\n      - Key: USER_OTP:harankrishna03@gmail.com\n      - Stored: 2585755\n      - Given: 2585755\n    "}
{"level":30,"time":1767017676163,"pid":58994,"hostname":"acer-Aspire-A315-58","msg":"Generated OTP: 7432338"}
{"level":30,"time":1767017676164,"pid":58994,"hostname":"acer-Aspire-A315-58","msg":"Stored OTP - key: USER_OTP:harankrishna03@gmail.com, otp: 7432338"}
{"level":30,"time":1767017710934,"pid":80187,"hostname":"acer-Aspire-A315-58","msg":"Generated OTP: 7125619"}
{"level":30,"time":1767017710936,"pid":80187,"hostname":"acer-Aspire-A315-58","msg":"Stored OTP - key: USER_OTP:harankrishna03@gmail.com, otp: 7125619"}
{"level":30,"time":1767017723904,"pid":80187,"hostname":"acer-Aspire-A315-58","msg":"Verify OTP:\n      - Key: USER_OTP:harankrishna03@gmail.com\n      - Stored: 7125619\n      - Given: 7125619\n    "}
{"level":50,"time":1767017756033,"pid":80187,"hostname":"acer-Aspire-A315-58","error":{"_statusCode":401,"_details":""},"msg":"ERROR: AuthController - login"}
{"level":50,"time":1767018816617,"pid":84111,"hostname":"acer-Aspire-A315-58","error":{"_statusCode":409,"_details":""},"msg":"ERROR: AuthController - resendOTP"}
{"level":30,"time":1767018826030,"pid":84111,"hostname":"acer-Aspire-A315-58","msg":"Generated OTP: 2531684"}
{"level":30,"time":1767018826030,"pid":84111,"hostname":"acer-Aspire-A315-58","msg":"Stored OTP - key: USER_OTP:minnuanil1299@gmail.com, otp: 2531684"}
{"level":30,"time":1767018896584,"pid":84111,"hostname":"acer-Aspire-A315-58","msg":"Generated OTP: 6676234"}
{"level":30,"time":1767018896584,"pid":84111,"hostname":"acer-Aspire-A315-58","msg":"Stored OTP - key: USER_OTP:anamika038@gmail.com, otp: 6676234"}
{"level":30,"time":1767019030734,"pid":84111,"hostname":"acer-Aspire-A315-58","msg":"Generated OTP: 9449357"}
{"level":30,"time":1767019030734,"pid":84111,"hostname":"acer-Aspire-A315-58","msg":"Stored OTP - key: USER_OTP:anamika038@gmail.com, otp: 9449357"}
{"level":30,"time":1767019033981,"pid":84111,"hostname":"acer-Aspire-A315-58","msg":"Generated OTP: 7325621"}
{"level":30,"time":1767019033981,"pid":84111,"hostname":"acer-Aspire-A315-58","msg":"Stored OTP - key: USER_OTP:anamika038@gmail.com, otp: 7325621"}
{"level":30,"time":1767019075065,"pid":84111,"hostname":"acer-Aspire-A315-58","msg":"Verify OTP:\n      - Key: USER_OTP:anamika038@gmail.com\n      - Stored: 7325621\n      - Given: 7325621\n    "}
